2025-11-09T07:24:12.367Z [ERROR]: Test failed: SMSActivate is not a constructor
2025-11-09T07:30:03.039Z [ERROR]: Test failed: SMSActivate is not a function
